#
# There is insufficient memory for the Java Runtime Environment to continue.
# Native memory allocation (malloc) failed to allocate 534896 bytes for Chunk::new
# Possible reasons:
#   The system is out of physical RAM or swap space
#   The process is running with CompressedOops enabled, and the Java Heap may be blocking the growth of the native heap
# Possible solutions:
#   Reduce memory load on the system
#   Increase physical memory or swap space
#   Check if swap backing store is full
#   Decrease Java heap size (-Xmx/-Xms)
#   Decrease number of Java threads
#   Decrease Java thread stack sizes (-Xss)
#   Set larger code cache with -XX:ReservedCodeCacheSize=
#   JVM is running with Zero Based Compressed Oops mode in which the Java heap is
#     placed in the first 32GB address space. The Java Heap base address is the
#     maximum limit for the native heap growth. Please use -XX:HeapBaseMinAddress
#     to set the Java Heap base and to place the Java Heap above 32GB virtual address.
# This output file may be truncated or incomplete.
#
#  Out of Memory Error (arena.cpp:197), pid=52156, tid=31512
#
# JRE version: OpenJDK Runtime Environment Corretto-11.0.26.4.1 (11.0.26+4) (build 11.0.26+4-LTS)
# Java VM: OpenJDK 64-Bit Server VM Corretto-11.0.26.4.1 (11.0.26+4-LTS, mixed mode, tiered, compressed oops, g1 gc, windows-amd64)
# No core dump will be written. Minidumps are not enabled by default on client versions of Windows
#

---------------  S U M M A R Y ------------

Command Line: -ea -Dwebdriver.base.url -Didea.test.cyclic.buffer.size=1048576 -javaagent:C:\Program Files\JetBrains\IntelliJ IDEA Community Edition 2024.3.2\lib\idea_rt.jar=60250:C:\Program Files\JetBrains\IntelliJ IDEA Community Edition 2024.3.2\bin -javaagent:C:\Users\bengi\AppData\Local\JetBrains\IdeaIC2024.3\captureAgent\debugger-agent.jar -Dkotlinx.coroutines.debug.enable.creation.stack.trace=false -Ddebugger.agent.enable.coroutines=true -Dkotlinx.coroutines.debug.enable.flows.stack.trace=true -Dkotlinx.coroutines.debug.enable.mutable.state.flows.stack.trace=true -Dfile.encoding=UTF-8 com.intellij.rt.junit.JUnitStarter -ideVersion5 -junit4 com.nttdata.runners.CucumberTestSuite

Host: Intel(R) Core(TM) i9-14900HX, 32 cores, 15G,  Windows 11 , 64 bit Build 22621 (10.0.22621.4391)
Time: Fri Feb  7 08:25:12 2025 Hora est. Pacífico, Sudamérica elapsed time: 0.267235 seconds (0d 0h 0m 0s)

---------------  T H R E A D  ---------------

Current thread (0x0000019b21ac9800):  JavaThread "C2 CompilerThread1" daemon [_thread_in_native, id=31512, stack(0x0000007557400000,0x0000007557500000)]


Current CompileTask:
C2:    267  674   !   4       jdk.internal.loader.URLClassPath$JarLoader::getResource (65 bytes)

Stack: [0x0000007557400000,0x0000007557500000]
Native frames: (J=compiled Java code, j=interpreted, Vv=VM code, C=native code)
V  [jvm.dll+0x64644a]
V  [jvm.dll+0x7dac99]
V  [jvm.dll+0x7dc399]
V  [jvm.dll+0x7dca83]
V  [jvm.dll+0x269da5]
V  [jvm.dll+0xc217c]
V  [jvm.dll+0xc272c]
V  [jvm.dll+0x37a297]
V  [jvm.dll+0x344fd5]
V  [jvm.dll+0x3443aa]
V  [jvm.dll+0x221dff]
V  [jvm.dll+0x220e08]
V  [jvm.dll+0x19ea01]
V  [jvm.dll+0x230cb9]
V  [jvm.dll+0x22ee2f]
V  [jvm.dll+0x79bec1]
V  [jvm.dll+0x794b94]
V  [jvm.dll+0x645205]
C  [ucrtbase.dll+0x29333]
C  [KERNEL32.DLL+0x1259d]
C  [ntdll.dll+0x5af38]


---------------  P R O C E S S  ---------------

Threads class SMR info:
_java_thread_list=0x0000019b22f86cf0, length=16, elements={
0x0000019b7b0b6800, 0x0000019b21684000, 0x0000019b21687000, 0x0000019b216db800,
0x0000019b216dc800, 0x0000019b216df000, 0x0000019b216e5000, 0x0000019b216ea000,
0x0000019b216eb000, 0x0000019b2196a800, 0x0000019b2006c000, 0x0000019b21ac9800,
0x0000019b21c8a800, 0x0000019b225b5000, 0x0000019b225b6000, 0x0000019b225be800
}

Java Threads: ( => current thread )
  0x0000019b7b0b6800 JavaThread "main" [_thread_in_vm, id=45804, stack(0x0000007556300000,0x0000007556400000)]
  0x0000019b21684000 JavaThread "Reference Handler" daemon [_thread_blocked, id=57244, stack(0x0000007556a00000,0x0000007556b00000)]
  0x0000019b21687000 JavaThread "Finalizer" daemon [_thread_blocked, id=38468, stack(0x0000007556b00000,0x0000007556c00000)]
  0x0000019b216db800 JavaThread "Signal Dispatcher" daemon [_thread_blocked, id=59280, stack(0x0000007556c00000,0x0000007556d00000)]
  0x0000019b216dc800 JavaThread "Attach Listener" daemon [_thread_blocked, id=4408, stack(0x0000007556d00000,0x0000007556e00000)]
  0x0000019b216df000 JavaThread "Service Thread" daemon [_thread_blocked, id=12480, stack(0x0000007556e00000,0x0000007556f00000)]
  0x0000019b216e5000 JavaThread "C2 CompilerThread0" daemon [_thread_in_native, id=42400, stack(0x0000007556f00000,0x0000007557000000)]
  0x0000019b216ea000 JavaThread "C1 CompilerThread0" daemon [_thread_blocked, id=47956, stack(0x0000007557000000,0x0000007557100000)]
  0x0000019b216eb000 JavaThread "Sweeper thread" daemon [_thread_blocked, id=20980, stack(0x0000007557100000,0x0000007557200000)]
  0x0000019b2196a800 JavaThread "C1 CompilerThread1" daemon [_thread_blocked, id=25360, stack(0x0000007557200000,0x0000007557300000)]
  0x0000019b2006c000 JavaThread "Common-Cleaner" daemon [_thread_blocked, id=57288, stack(0x0000007557300000,0x0000007557400000)]
=>0x0000019b21ac9800 JavaThread "C2 CompilerThread1" daemon [_thread_in_native, id=31512, stack(0x0000007557400000,0x0000007557500000)]
  0x0000019b21c8a800 JavaThread "Monitor Ctrl-Break" daemon [_thread_in_native, id=6316, stack(0x0000007557500000,0x0000007557600000)]
  0x0000019b225b5000 JavaThread "C1 CompilerThread2" daemon [_thread_blocked, id=55252, stack(0x0000007557c00000,0x0000007557d00000)]
  0x0000019b225b6000 JavaThread "C1 CompilerThread3" daemon [_thread_blocked, id=12084, stack(0x0000007557d00000,0x0000007557e00000)]
  0x0000019b225be800 JavaThread "C1 CompilerThread4" daemon [_thread_blocked, id=33572, stack(0x0000007557e00000,0x0000007557f00000)]

Other Threads:
  0x0000019b21682000 VMThread "VM Thread" [stack: 0x0000007556900000,0x0000007556a00000] [id=56020]
  0x0000019b21d75800 WatcherThread [stack: 0x0000007557600000,0x0000007557700000] [id=52524]
  0x0000019b7b0d1800 GCTaskThread "GC Thread#0" [stack: 0x0000007556400000,0x0000007556500000] [id=6064]
  0x0000019b2312d800 GCTaskThread "GC Thread#1" [stack: 0x0000007557700000,0x0000007557800000] [id=26832]
  0x0000019b23826800 GCTaskThread "GC Thread#2" [stack: 0x0000007557800000,0x0000007557900000] [id=51756]
  0x0000019b236b7000 GCTaskThread "GC Thread#3" [stack: 0x0000007557900000,0x0000007557a00000] [id=58916]
  0x0000019b236b7800 GCTaskThread "GC Thread#4" [stack: 0x0000007557a00000,0x0000007557b00000] [id=6076]
  0x0000019b236b8800 GCTaskThread "GC Thread#5" [stack: 0x0000007557b00000,0x0000007557c00000] [id=59096]
  0x0000019b7b12f800 ConcurrentGCThread "G1 Main Marker" [stack: 0x0000007556500000,0x0000007556600000] [id=4820]
  0x0000019b7b131000 ConcurrentGCThread "G1 Conc#0" [stack: 0x0000007556600000,0x0000007556700000] [id=54532]
  0x0000019b1fff4800 ConcurrentGCThread "G1 Refine#0" [stack: 0x0000007556700000,0x0000007556800000] [id=58824]
  0x0000019b1fff5800 ConcurrentGCThread "G1 Young RemSet Sampling" [stack: 0x0000007556800000,0x0000007556900000] [id=37664]

Threads with active compile tasks:
C2 CompilerThread0      406  941  s!   4       jdk.internal.loader.URLClassPath::getLoader (194 bytes)
C1 CompilerThread0      406  969       3       java.util.zip.CRC32::update (51 bytes)
C2 CompilerThread1      407  674   !   4       jdk.internal.loader.URLClassPath$JarLoader::getResource (65 bytes)

VM state:not at safepoint (normal execution)

VM Mutex/Monitor currently owned by a thread: None

Heap address: 0x0000000705e00000, size: 4002 MB, Compressed Oops mode: Zero based, Oop shift amount: 3
Narrow klass base: 0x0000000800000000, Narrow klass shift: 0
Compressed class space size: 1073741824 Address: 0x0000000800000000

Heap:
 garbage-first heap   total 258048K, used 15663K [0x0000000705e00000, 0x0000000800000000)
  region size 1024K, 10 young (10240K), 3 survivors (3072K)
 Metaspace       used 10520K, capacity 10665K, committed 10752K, reserved 1058816K
  class space    used 947K, capacity 976K, committed 1024K, reserved 1048576K
Heap Regions: E=young(eden), S=young(survivor), O=old, HS=humongous(starts), HC=humongous(continues), CS=collection set, F=free, A=archive, TAMS=top-at-mark-start (previous, next)
|   0|0x0000000705e00000, 0x0000000705f00000, 0x0000000705f00000|100%| O|  |TAMS 0x0000000705e00000, 0x0000000705e00000| Untracked 
|   1|0x0000000705f00000, 0x0000000706000000, 0x0000000706000000|100%| O|  |TAMS 0x0000000705f00000, 0x0000000705f00000| Untracked 
|   2|0x0000000706000000, 0x0000000706100000, 0x0000000706100000|100%| O|  |TAMS 0x0000000706000000, 0x0000000706000000| Untracked 
|   3|0x0000000706100000, 0x0000000706200000, 0x0000000706200000|100%| O|  |TAMS 0x0000000706100000, 0x0000000706100000| Untracked 
|   4|0x0000000706200000, 0x0000000706300000, 0x0000000706300000|100%| O|  |TAMS 0x0000000706200000, 0x0000000706200000| Untracked 
|   5|0x0000000706300000, 0x0000000706400000, 0x0000000706400000|100%| O|  |TAMS 0x0000000706300000, 0x0000000706300000| Untracked 
|   6|0x0000000706400000, 0x000000070644bc00, 0x0000000706500000| 29%| O|  |TAMS 0x0000000706400000, 0x0000000706400000| Untracked 
|   7|0x0000000706500000, 0x0000000706500000, 0x0000000706600000|  0%| F|  |TAMS 0x0000000706500000, 0x0000000706500000| Untracked 
|   8|0x0000000706600000, 0x0000000706600000, 0x0000000706700000|  0%| F|  |TAMS 0x0000000706600000, 0x0000000706600000| Untracked 
|   9|0x0000000706700000, 0x0000000706700000, 0x0000000706800000|  0%| F|  |TAMS 0x0000000706700000, 0x0000000706700000| Untracked 
|  10|0x0000000706800000, 0x0000000706800000, 0x0000000706900000|  0%| F|  |TAMS 0x0000000706800000, 0x0000000706800000| Untracked 
|  11|0x0000000706900000, 0x0000000706900000, 0x0000000706a00000|  0%| F|  |TAMS 0x0000000706900000, 0x0000000706900000| Untracked 
|  12|0x0000000706a00000, 0x0000000706a00000, 0x0000000706b00000|  0%| F|  |TAMS 0x0000000706a00000, 0x0000000706a00000| Untracked 
|  13|0x0000000706b00000, 0x0000000706b00000, 0x0000000706c00000|  0%| F|  |TAMS 0x0000000706b00000, 0x0000000706b00000| Untracked 
|  14|0x0000000706c00000, 0x0000000706c00000, 0x0000000706d00000|  0%| F|  |TAMS 0x0000000706c00000, 0x0000000706c00000| Untracked 
|  15|0x0000000706d00000, 0x0000000706d00000, 0x0000000706e00000|  0%| F|  |TAMS 0x0000000706d00000, 0x0000000706d00000| Untracked 
|  16|0x0000000706e00000, 0x0000000706e00000, 0x0000000706f00000|  0%| F|  |TAMS 0x0000000706e00000, 0x0000000706e00000| Untracked 
|  17|0x0000000706f00000, 0x0000000706f00000, 0x0000000707000000|  0%| F|  |TAMS 0x0000000706f00000, 0x0000000706f00000| Untracked 
|  18|0x0000000707000000, 0x0000000707000000, 0x0000000707100000|  0%| F|  |TAMS 0x0000000707000000, 0x0000000707000000| Untracked 
|  19|0x0000000707100000, 0x0000000707100000, 0x0000000707200000|  0%| F|  |TAMS 0x0000000707100000, 0x0000000707100000| Untracked 
|  20|0x0000000707200000, 0x0000000707200000, 0x0000000707300000|  0%| F|  |TAMS 0x0000000707200000, 0x0000000707200000| Untracked 
|  21|0x0000000707300000, 0x0000000707300000, 0x0000000707400000|  0%| F|  |TAMS 0x0000000707300000, 0x0000000707300000| Untracked 
|  22|0x0000000707400000, 0x0000000707400000, 0x0000000707500000|  0%| F|  |TAMS 0x0000000707400000, 0x0000000707400000| Untracked 
|  23|0x0000000707500000, 0x0000000707500000, 0x0000000707600000|  0%| F|  |TAMS 0x0000000707500000, 0x0000000707500000| Untracked 
|  24|0x0000000707600000, 0x0000000707600000, 0x0000000707700000|  0%| F|  |TAMS 0x0000000707600000, 0x0000000707600000| Untracked 
|  25|0x0000000707700000, 0x0000000707700000, 0x0000000707800000|  0%| F|  |TAMS 0x0000000707700000, 0x0000000707700000| Untracked 
|  26|0x0000000707800000, 0x0000000707800000, 0x0000000707900000|  0%| F|  |TAMS 0x0000000707800000, 0x0000000707800000| Untracked 
|  27|0x0000000707900000, 0x0000000707900000, 0x0000000707a00000|  0%| F|  |TAMS 0x0000000707900000, 0x0000000707900000| Untracked 
|  28|0x0000000707a00000, 0x0000000707a00000, 0x0000000707b00000|  0%| F|  |TAMS 0x0000000707a00000, 0x0000000707a00000| Untracked 
|  29|0x0000000707b00000, 0x0000000707b00000, 0x0000000707c00000|  0%| F|  |TAMS 0x0000000707b00000, 0x0000000707b00000| Untracked 
|  30|0x0000000707c00000, 0x0000000707c00000, 0x0000000707d00000|  0%| F|  |TAMS 0x0000000707c00000, 0x0000000707c00000| Untracked 
|  31|0x0000000707d00000, 0x0000000707d00000, 0x0000000707e00000|  0%| F|  |TAMS 0x0000000707d00000, 0x0000000707d00000| Untracked 
|  32|0x0000000707e00000, 0x0000000707e00000, 0x0000000707f00000|  0%| F|  |TAMS 0x0000000707e00000, 0x0000000707e00000| Untracked 
|  33|0x0000000707f00000, 0x0000000707f00000, 0x0000000708000000|  0%| F|  |TAMS 0x0000000707f00000, 0x0000000707f00000| Untracked 
|  34|0x0000000708000000, 0x0000000708000000, 0x0000000708100000|  0%| F|  |TAMS 0x0000000708000000, 0x0000000708000000| Untracked 
|  35|0x0000000708100000, 0x0000000708100000, 0x0000000708200000|  0%| F|  |TAMS 0x0000000708100000, 0x0000000708100000| Untracked 
|  36|0x0000000708200000, 0x0000000708200000, 0x0000000708300000|  0%| F|  |TAMS 0x0000000708200000, 0x0000000708200000| Untracked 
|  37|0x0000000708300000, 0x0000000708300000, 0x0000000708400000|  0%| F|  |TAMS 0x0000000708300000, 0x0000000708300000| Untracked 
|  38|0x0000000708400000, 0x0000000708400000, 0x0000000708500000|  0%| F|  |TAMS 0x0000000708400000, 0x0000000708400000| Untracked 
|  39|0x0000000708500000, 0x0000000708500000, 0x0000000708600000|  0%| F|  |TAMS 0x0000000708500000, 0x0000000708500000| Untracked 
|  40|0x0000000708600000, 0x0000000708600000, 0x0000000708700000|  0%| F|  |TAMS 0x0000000708600000, 0x0000000708600000| Untracked 
|  41|0x0000000708700000, 0x0000000708700000, 0x0000000708800000|  0%| F|  |TAMS 0x0000000708700000, 0x0000000708700000| Untracked 
|  42|0x0000000708800000, 0x0000000708800000, 0x0000000708900000|  0%| F|  |TAMS 0x0000000708800000, 0x0000000708800000| Untracked 
|  43|0x0000000708900000, 0x0000000708900000, 0x0000000708a00000|  0%| F|  |TAMS 0x0000000708900000, 0x0000000708900000| Untracked 
|  44|0x0000000708a00000, 0x0000000708a00000, 0x0000000708b00000|  0%| F|  |TAMS 0x0000000708a00000, 0x0000000708a00000| Untracked 
|  45|0x0000000708b00000, 0x0000000708b00000, 0x0000000708c00000|  0%| F|  |TAMS 0x0000000708b00000, 0x0000000708b00000| Untracked 
|  46|0x0000000708c00000, 0x0000000708c00000, 0x0000000708d00000|  0%| F|  |TAMS 0x0000000708c00000, 0x0000000708c00000| Untracked 
|  47|0x0000000708d00000, 0x0000000708d00000, 0x0000000708e00000|  0%| F|  |TAMS 0x0000000708d00000, 0x0000000708d00000| Untracked 
|  48|0x0000000708e00000, 0x0000000708e00000, 0x0000000708f00000|  0%| F|  |TAMS 0x0000000708e00000, 0x0000000708e00000| Untracked 
|  49|0x0000000708f00000, 0x0000000708f00000, 0x0000000709000000|  0%| F|  |TAMS 0x0000000708f00000, 0x0000000708f00000| Untracked 
|  50|0x0000000709000000, 0x0000000709000000, 0x0000000709100000|  0%| F|  |TAMS 0x0000000709000000, 0x0000000709000000| Untracked 
|  51|0x0000000709100000, 0x0000000709100000, 0x0000000709200000|  0%| F|  |TAMS 0x0000000709100000, 0x0000000709100000| Untracked 
|  52|0x0000000709200000, 0x0000000709200000, 0x0000000709300000|  0%| F|  |TAMS 0x0000000709200000, 0x0000000709200000| Untracked 
|  53|0x0000000709300000, 0x0000000709300000, 0x0000000709400000|  0%| F|  |TAMS 0x0000000709300000, 0x0000000709300000| Untracked 
|  54|0x0000000709400000, 0x0000000709400000, 0x0000000709500000|  0%| F|  |TAMS 0x0000000709400000, 0x0000000709400000| Untracked 
|  55|0x0000000709500000, 0x0000000709500000, 0x0000000709600000|  0%| F|  |TAMS 0x0000000709500000, 0x0000000709500000| Untracked 
|  56|0x0000000709600000, 0x0000000709600000, 0x0000000709700000|  0%| F|  |TAMS 0x0000000709600000, 0x0000000709600000| Untracked 
|  57|0x0000000709700000, 0x0000000709700000, 0x0000000709800000|  0%| F|  |TAMS 0x0000000709700000, 0x0000000709700000| Untracked 
|  58|0x0000000709800000, 0x0000000709800000, 0x0000000709900000|  0%| F|  |TAMS 0x0000000709800000, 0x0000000709800000| Untracked 
|  59|0x0000000709900000, 0x0000000709900000, 0x0000000709a00000|  0%| F|  |TAMS 0x0000000709900000, 0x0000000709900000| Untracked 
|  60|0x0000000709a00000, 0x0000000709a00000, 0x0000000709b00000|  0%| F|  |TAMS 0x0000000709a00000, 0x0000000709a00000| Untracked 
|  61|0x0000000709b00000, 0x0000000709b00000, 0x0000000709c00000|  0%| F|  |TAMS 0x0000000709b00000, 0x0000000709b00000| Untracked 
|  62|0x0000000709c00000, 0x0000000709c00000, 0x0000000709d00000|  0%| F|  |TAMS 0x0000000709c00000, 0x0000000709c00000| Untracked 
|  63|0x0000000709d00000, 0x0000000709d00000, 0x0000000709e00000|  0%| F|  |TAMS 0x0000000709d00000, 0x0000000709d00000| Untracked 
|  64|0x0000000709e00000, 0x0000000709e00000, 0x0000000709f00000|  0%| F|  |TAMS 0x0000000709e00000, 0x0000000709e00000| Untracked 
|  65|0x0000000709f00000, 0x0000000709f00000, 0x000000070a000000|  0%| F|  |TAMS 0x0000000709f00000, 0x0000000709f00000| Untracked 
|  66|0x000000070a000000, 0x000000070a000000, 0x000000070a100000|  0%| F|  |TAMS 0x000000070a000000, 0x000000070a000000| Untracked 
|  67|0x000000070a100000, 0x000000070a100000, 0x000000070a200000|  0%| F|  |TAMS 0x000000070a100000, 0x000000070a100000| Untracked 
|  68|0x000000070a200000, 0x000000070a200000, 0x000000070a300000|  0%| F|  |TAMS 0x000000070a200000, 0x000000070a200000| Untracked 
|  69|0x000000070a300000, 0x000000070a300000, 0x000000070a400000|  0%| F|  |TAMS 0x000000070a300000, 0x000000070a300000| Untracked 
|  70|0x000000070a400000, 0x000000070a400000, 0x000000070a500000|  0%| F|  |TAMS 0x000000070a400000, 0x000000070a400000| Untracked 
|  71|0x000000070a500000, 0x000000070a500000, 0x000000070a600000|  0%| F|  |TAMS 0x000000070a500000, 0x000000070a500000| Untracked 
|  72|0x000000070a600000, 0x000000070a600000, 0x000000070a700000|  0%| F|  |TAMS 0x000000070a600000, 0x000000070a600000| Untracked 
|  73|0x000000070a700000, 0x000000070a700000, 0x000000070a800000|  0%| F|  |TAMS 0x000000070a700000, 0x000000070a700000| Untracked 
|  74|0x000000070a800000, 0x000000070a800000, 0x000000070a900000|  0%| F|  |TAMS 0x000000070a800000, 0x000000070a800000| Untracked 
|  75|0x000000070a900000, 0x000000070a900000, 0x000000070aa00000|  0%| F|  |TAMS 0x000000070a900000, 0x000000070a900000| Untracked 
|  76|0x000000070aa00000, 0x000000070aa00000, 0x000000070ab00000|  0%| F|  |TAMS 0x000000070aa00000, 0x000000070aa00000| Untracked 
|  77|0x000000070ab00000, 0x000000070ab00000, 0x000000070ac00000|  0%| F|  |TAMS 0x000000070ab00000, 0x000000070ab00000| Untracked 
|  78|0x000000070ac00000, 0x000000070ac00000, 0x000000070ad00000|  0%| F|  |TAMS 0x000000070ac00000, 0x000000070ac00000| Untracked 
|  79|0x000000070ad00000, 0x000000070ad00000, 0x000000070ae00000|  0%| F|  |TAMS 0x000000070ad00000, 0x000000070ad00000| Untracked 
|  80|0x000000070ae00000, 0x000000070ae00000, 0x000000070af00000|  0%| F|  |TAMS 0x000000070ae00000, 0x000000070ae00000| Untracked 
|  81|0x000000070af00000, 0x000000070af00000, 0x000000070b000000|  0%| F|  |TAMS 0x000000070af00000, 0x000000070af00000| Untracked 
|  82|0x000000070b000000, 0x000000070b000000, 0x000000070b100000|  0%| F|  |TAMS 0x000000070b000000, 0x000000070b000000| Untracked 
|  83|0x000000070b100000, 0x000000070b100000, 0x000000070b200000|  0%| F|  |TAMS 0x000000070b100000, 0x000000070b100000| Untracked 
|  84|0x000000070b200000, 0x000000070b200000, 0x000000070b300000|  0%| F|  |TAMS 0x000000070b200000, 0x000000070b200000| Untracked 
|  85|0x000000070b300000, 0x000000070b300000, 0x000000070b400000|  0%| F|  |TAMS 0x000000070b300000, 0x000000070b300000| Untracked 
|  86|0x000000070b400000, 0x000000070b400000, 0x000000070b500000|  0%| F|  |TAMS 0x000000070b400000, 0x000000070b400000| Untracked 
|  87|0x000000070b500000, 0x000000070b500000, 0x000000070b600000|  0%| F|  |TAMS 0x000000070b500000, 0x000000070b500000| Untracked 
|  88|0x000000070b600000, 0x000000070b600000, 0x000000070b700000|  0%| F|  |TAMS 0x000000070b600000, 0x000000070b600000| Untracked 
|  89|0x000000070b700000, 0x000000070b700000, 0x000000070b800000|  0%| F|  |TAMS 0x000000070b700000, 0x000000070b700000| Untracked 
|  90|0x000000070b800000, 0x000000070b800000, 0x000000070b900000|  0%| F|  |TAMS 0x000000070b800000, 0x000000070b800000| Untracked 
|  91|0x000000070b900000, 0x000000070b900000, 0x000000070ba00000|  0%| F|  |TAMS 0x000000070b900000, 0x000000070b900000| Untracked 
|  92|0x000000070ba00000, 0x000000070ba00000, 0x000000070bb00000|  0%| F|  |TAMS 0x000000070ba00000, 0x000000070ba00000| Untracked 
|  93|0x000000070bb00000, 0x000000070bb00000, 0x000000070bc00000|  0%| F|  |TAMS 0x000000070bb00000, 0x000000070bb00000| Untracked 
|  94|0x000000070bc00000, 0x000000070bc00000, 0x000000070bd00000|  0%| F|  |TAMS 0x000000070bc00000, 0x000000070bc00000| Untracked 
|  95|0x000000070bd00000, 0x000000070bd00000, 0x000000070be00000|  0%| F|  |TAMS 0x000000070bd00000, 0x000000070bd00000| Untracked 
|  96|0x000000070be00000, 0x000000070be00000, 0x000000070bf00000|  0%| F|  |TAMS 0x000000070be00000, 0x000000070be00000| Untracked 
|  97|0x000000070bf00000, 0x000000070bf00000, 0x000000070c000000|  0%| F|  |TAMS 0x000000070bf00000, 0x000000070bf00000| Untracked 
|  98|0x000000070c000000, 0x000000070c000000, 0x000000070c100000|  0%| F|  |TAMS 0x000000070c000000, 0x000000070c000000| Untracked 
|  99|0x000000070c100000, 0x000000070c100000, 0x000000070c200000|  0%| F|  |TAMS 0x000000070c100000, 0x000000070c100000| Untracked 
| 100|0x000000070c200000, 0x000000070c200000, 0x000000070c300000|  0%| F|  |TAMS 0x000000070c200000, 0x000000070c200000| Untracked 
| 101|0x000000070c300000, 0x000000070c300000, 0x000000070c400000|  0%| F|  |TAMS 0x000000070c300000, 0x000000070c300000| Untracked 
| 102|0x000000070c400000, 0x000000070c400000, 0x000000070c500000|  0%| F|  |TAMS 0x000000070c400000, 0x000000070c400000| Untracked 
| 103|0x000000070c500000, 0x000000070c500000, 0x000000070c600000|  0%| F|  |TAMS 0x000000070c500000, 0x000000070c500000| Untracked 
| 104|0x000000070c600000, 0x000000070c600000, 0x000000070c700000|  0%| F|  |TAMS 0x000000070c600000, 0x000000070c600000| Untracked 
| 105|0x000000070c700000, 0x000000070c700000, 0x000000070c800000|  0%| F|  |TAMS 0x000000070c700000, 0x000000070c700000| Untracked 
| 106|0x000000070c800000, 0x000000070c800000, 0x000000070c900000|  0%| F|  |TAMS 0x000000070c800000, 0x000000070c800000| Untracked 
| 107|0x000000070c900000, 0x000000070c900000, 0x000000070ca00000|  0%| F|  |TAMS 0x000000070c900000, 0x000000070c900000| Untracked 
| 108|0x000000070ca00000, 0x000000070ca00000, 0x000000070cb00000|  0%| F|  |TAMS 0x000000070ca00000, 0x000000070ca00000| Untracked 
| 109|0x000000070cb00000, 0x000000070cb00000, 0x000000070cc00000|  0%| F|  |TAMS 0x000000070cb00000, 0x000000070cb00000| Untracked 
| 110|0x000000070cc00000, 0x000000070cc00000, 0x000000070cd00000|  0%| F|  |TAMS 0x000000070cc00000, 0x000000070cc00000| Untracked 
| 111|0x000000070cd00000, 0x000000070cd00000, 0x000000070ce00000|  0%| F|  |TAMS 0x000000070cd00000, 0x000000070cd00000| Untracked 
| 112|0x000000070ce00000, 0x000000070ce00000, 0x000000070cf00000|  0%| F|  |TAMS 0x000000070ce00000, 0x000000070ce00000| Untracked 
| 113|0x000000070cf00000, 0x000000070cf00000, 0x000000070d000000|  0%| F|  |TAMS 0x000000070cf00000, 0x000000070cf00000| Untracked 
| 114|0x000000070d000000, 0x000000070d000000, 0x000000070d100000|  0%| F|  |TAMS 0x000000070d000000, 0x000000070d000000| Untracked 
| 115|0x000000070d100000, 0x000000070d100000, 0x000000070d200000|  0%| F|  |TAMS 0x000000070d100000, 0x000000070d100000| Untracked 
| 116|0x000000070d200000, 0x000000070d200000, 0x000000070d300000|  0%| F|  |TAMS 0x000000070d200000, 0x000000070d200000| Untracked 
| 117|0x000000070d300000, 0x000000070d300000, 0x000000070d400000|  0%| F|  |TAMS 0x000000070d300000, 0x000000070d300000| Untracked 
| 118|0x000000070d400000, 0x000000070d400000, 0x000000070d500000|  0%| F|  |TAMS 0x000000070d400000, 0x000000070d400000| Untracked 
| 119|0x000000070d500000, 0x000000070d500000, 0x000000070d600000|  0%| F|  |TAMS 0x000000070d500000, 0x000000070d500000| Untracked 
| 120|0x000000070d600000, 0x000000070d600000, 0x000000070d700000|  0%| F|  |TAMS 0x000000070d600000, 0x000000070d600000| Untracked 
| 121|0x000000070d700000, 0x000000070d700000, 0x000000070d800000|  0%| F|  |TAMS 0x000000070d700000, 0x000000070d700000| Untracked 
| 122|0x000000070d800000, 0x000000070d800000, 0x000000070d900000|  0%| F|  |TAMS 0x000000070d800000, 0x000000070d800000| Untracked 
| 123|0x000000070d900000, 0x000000070d900000, 0x000000070da00000|  0%| F|  |TAMS 0x000000070d900000, 0x000000070d900000| Untracked 
| 124|0x000000070da00000, 0x000000070da00000, 0x000000070db00000|  0%| F|  |TAMS 0x000000070da00000, 0x000000070da00000| Untracked 
| 125|0x000000070db00000, 0x000000070db00000, 0x000000070dc00000|  0%| F|  |TAMS 0x000000070db00000, 0x000000070db00000| Untracked 
| 126|0x000000070dc00000, 0x000000070dc00000, 0x000000070dd00000|  0%| F|  |TAMS 0x000000070dc00000, 0x000000070dc00000| Untracked 
| 127|0x000000070dd00000, 0x000000070dd00000, 0x000000070de00000|  0%| F|  |TAMS 0x000000070dd00000, 0x000000070dd00000| Untracked 
| 128|0x000000070de00000, 0x000000070de00000, 0x000000070df00000|  0%| F|  |TAMS 0x000000070de00000, 0x000000070de00000| Untracked 
| 129|0x000000070df00000, 0x000000070df00000, 0x000000070e000000|  0%| F|  |TAMS 0x000000070df00000, 0x000000070df00000| Untracked 
| 130|0x000000070e000000, 0x000000070e000000, 0x000000070e100000|  0%| F|  |TAMS 0x000000070e000000, 0x000000070e000000| Untracked 
| 131|0x000000070e100000, 0x000000070e100000, 0x000000070e200000|  0%| F|  |TAMS 0x000000070e100000, 0x000000070e100000| Untracked 
| 132|0x000000070e200000, 0x000000070e200000, 0x000000070e300000|  0%| F|  |TAMS 0x000000070e200000, 0x000000070e200000| Untracked 
| 133|0x000000070e300000, 0x000000070e300000, 0x000000070e400000|  0%| F|  |TAMS 0x000000070e300000, 0x000000070e300000| Untracked 
| 134|0x000000070e400000, 0x000000070e400000, 0x000000070e500000|  0%| F|  |TAMS 0x000000070e400000, 0x000000070e400000| Untracked 
| 135|0x000000070e500000, 0x000000070e500000, 0x000000070e600000|  0%| F|  |TAMS 0x000000070e500000, 0x000000070e500000| Untracked 
| 136|0x000000070e600000, 0x000000070e600000, 0x000000070e700000|  0%| F|  |TAMS 0x000000070e600000, 0x000000070e600000| Untracked 
| 137|0x000000070e700000, 0x000000070e700000, 0x000000070e800000|  0%| F|  |TAMS 0x000000070e700000, 0x000000070e700000| Untracked 
| 138|0x000000070e800000, 0x000000070e800000, 0x000000070e900000|  0%| F|  |TAMS 0x000000070e800000, 0x000000070e800000| Untracked 
| 139|0x000000070e900000, 0x000000070e900000, 0x000000070ea00000|  0%| F|  |TAMS 0x000000070e900000, 0x000000070e900000| Untracked 
| 140|0x000000070ea00000, 0x000000070ea00000, 0x000000070eb00000|  0%| F|  |TAMS 0x000000070ea00000, 0x000000070ea00000| Untracked 
| 141|0x000000070eb00000, 0x000000070eb00000, 0x000000070ec00000|  0%| F|  |TAMS 0x000000070eb00000, 0x000000070eb00000| Untracked 
| 142|0x000000070ec00000, 0x000000070ec00000, 0x000000070ed00000|  0%| F|  |TAMS 0x000000070ec00000, 0x000000070ec00000| Untracked 
| 143|0x000000070ed00000, 0x000000070ed00000, 0x000000070ee00000|  0%| F|  |TAMS 0x000000070ed00000, 0x000000070ed00000| Untracked 
| 144|0x000000070ee00000, 0x000000070ee00000, 0x000000070ef00000|  0%| F|  |TAMS 0x000000070ee00000, 0x000000070ee00000| Untracked 
| 145|0x000000070ef00000, 0x000000070ef00000, 0x000000070f000000|  0%| F|  |TAMS 0x000000070ef00000, 0x000000070ef00000| Untracked 
| 146|0x000000070f000000, 0x000000070f000000, 0x000000070f100000|  0%| F|  |TAMS 0x000000070f000000, 0x000000070f000000| Untracked 
| 147|0x000000070f100000, 0x000000070f100000, 0x000000070f200000|  0%| F|  |TAMS 0x000000070f100000, 0x000000070f100000| Untracked 
| 148|0x000000070f200000, 0x000000070f200000, 0x000000070f300000|  0%| F|  |TAMS 0x000000070f200000, 0x000000070f200000| Untracked 
| 149|0x000000070f300000, 0x000000070f300000, 0x000000070f400000|  0%| F|  |TAMS 0x000000070f300000, 0x000000070f300000| Untracked 
| 150|0x000000070f400000, 0x000000070f400000, 0x000000070f500000|  0%| F|  |TAMS 0x000000070f400000, 0x000000070f400000| Untracked 
| 151|0x000000070f500000, 0x000000070f500000, 0x000000070f600000|  0%| F|  |TAMS 0x000000070f500000, 0x000000070f500000| Untracked 
| 152|0x000000070f600000, 0x000000070f600000, 0x000000070f700000|  0%| F|  |TAMS 0x000000070f600000, 0x000000070f600000| Untracked 
| 153|0x000000070f700000, 0x000000070f700000, 0x000000070f800000|  0%| F|  |TAMS 0x000000070f700000, 0x000000070f700000| Untracked 
| 154|0x000000070f800000, 0x000000070f800000, 0x000000070f900000|  0%| F|  |TAMS 0x000000070f800000, 0x000000070f800000| Untracked 
| 155|0x000000070f900000, 0x000000070f900000, 0x000000070fa00000|  0%| F|  |TAMS 0x000000070f900000, 0x000000070f900000| Untracked 
| 156|0x000000070fa00000, 0x000000070fa00000, 0x000000070fb00000|  0%| F|  |TAMS 0x000000070fa00000, 0x000000070fa00000| Untracked 
| 157|0x000000070fb00000, 0x000000070fb00000, 0x000000070fc00000|  0%| F|  |TAMS 0x000000070fb00000, 0x000000070fb00000| Untracked 
| 158|0x000000070fc00000, 0x000000070fc00000, 0x000000070fd00000|  0%| F|  |TAMS 0x000000070fc00000, 0x000000070fc00000| Untracked 
| 159|0x000000070fd00000, 0x000000070fd00000, 0x000000070fe00000|  0%| F|  |TAMS 0x000000070fd00000, 0x000000070fd00000| Untracked 
| 160|0x000000070fe00000, 0x000000070fe00000, 0x000000070ff00000|  0%| F|  |TAMS 0x000000070fe00000, 0x000000070fe00000| Untracked 
| 161|0x000000070ff00000, 0x000000070ff00000, 0x0000000710000000|  0%| F|  |TAMS 0x000000070ff00000, 0x000000070ff00000| Untracked 
| 162|0x0000000710000000, 0x0000000710000000, 0x0000000710100000|  0%| F|  |TAMS 0x0000000710000000, 0x0000000710000000| Untracked 
| 163|0x0000000710100000, 0x0000000710100000, 0x0000000710200000|  0%| F|  |TAMS 0x0000000710100000, 0x0000000710100000| Untracked 
| 164|0x0000000710200000, 0x0000000710200000, 0x0000000710300000|  0%| F|  |TAMS 0x0000000710200000, 0x0000000710200000| Untracked 
| 165|0x0000000710300000, 0x0000000710300000, 0x0000000710400000|  0%| F|  |TAMS 0x0000000710300000, 0x0000000710300000| Untracked 
| 166|0x0000000710400000, 0x0000000710400000, 0x0000000710500000|  0%| F|  |TAMS 0x0000000710400000, 0x0000000710400000| Untracked 
| 167|0x0000000710500000, 0x0000000710500000, 0x0000000710600000|  0%| F|  |TAMS 0x0000000710500000, 0x0000000710500000| Untracked 
| 168|0x0000000710600000, 0x0000000710600000, 0x0000000710700000|  0%| F|  |TAMS 0x0000000710600000, 0x0000000710600000| Untracked 
| 169|0x0000000710700000, 0x0000000710700000, 0x0000000710800000|  0%| F|  |TAMS 0x0000000710700000, 0x0000000710700000| Untracked 
| 170|0x0000000710800000, 0x0000000710800000, 0x0000000710900000|  0%| F|  |TAMS 0x0000000710800000, 0x0000000710800000| Untracked 
| 171|0x0000000710900000, 0x0000000710900000, 0x0000000710a00000|  0%| F|  |TAMS 0x0000000710900000, 0x0000000710900000| Untracked 
| 172|0x0000000710a00000, 0x0000000710a00000, 0x0000000710b00000|  0%| F|  |TAMS 0x0000000710a00000, 0x0000000710a00000| Untracked 
| 173|0x0000000710b00000, 0x0000000710b00000, 0x0000000710c00000|  0%| F|  |TAMS 0x0000000710b00000, 0x0000000710b00000| Untracked 
| 174|0x0000000710c00000, 0x0000000710c00000, 0x0000000710d00000|  0%| F|  |TAMS 0x0000000710c00000, 0x0000000710c00000| Untracked 
| 175|0x0000000710d00000, 0x0000000710d00000, 0x0000000710e00000|  0%| F|  |TAMS 0x0000000710d00000, 0x0000000710d00000| Untracked 
| 176|0x0000000710e00000, 0x0000000710e00000, 0x0000000710f00000|  0%| F|  |TAMS 0x0000000710e00000, 0x0000000710e00000| Untracked 
| 177|0x0000000710f00000, 0x0000000710f00000, 0x0000000711000000|  0%| F|  |TAMS 0x0000000710f00000, 0x0000000710f00000| Untracked 
| 178|0x0000000711000000, 0x0000000711000000, 0x0000000711100000|  0%| F|  |TAMS 0x0000000711000000, 0x0000000711000000| Untracked 
| 179|0x0000000711100000, 0x0000000711100000, 0x0000000711200000|  0%| F|  |TAMS 0x0000000711100000, 0x0000000711100000| Untracked 
| 180|0x0000000711200000, 0x0000000711200000, 0x0000000711300000|  0%| F|  |TAMS 0x0000000711200000, 0x0000000711200000| Untracked 
| 181|0x0000000711300000, 0x0000000711300000, 0x0000000711400000|  0%| F|  |TAMS 0x0000000711300000, 0x0000000711300000| Untracked 
| 182|0x0000000711400000, 0x0000000711400000, 0x0000000711500000|  0%| F|  |TAMS 0x0000000711400000, 0x0000000711400000| Untracked 
| 183|0x0000000711500000, 0x0000000711500000, 0x0000000711600000|  0%| F|  |TAMS 0x0000000711500000, 0x0000000711500000| Untracked 
| 184|0x0000000711600000, 0x0000000711600000, 0x0000000711700000|  0%| F|  |TAMS 0x0000000711600000, 0x0000000711600000| Untracked 
| 185|0x0000000711700000, 0x0000000711700000, 0x0000000711800000|  0%| F|  |TAMS 0x0000000711700000, 0x0000000711700000| Untracked 
| 186|0x0000000711800000, 0x0000000711800000, 0x0000000711900000|  0%| F|  |TAMS 0x0000000711800000, 0x0000000711800000| Untracked 
| 187|0x0000000711900000, 0x0000000711900000, 0x0000000711a00000|  0%| F|  |TAMS 0x0000000711900000, 0x0000000711900000| Untracked 
| 188|0x0000000711a00000, 0x0000000711a00000, 0x0000000711b00000|  0%| F|  |TAMS 0x0000000711a00000, 0x0000000711a00000| Untracked 
| 189|0x0000000711b00000, 0x0000000711b00000, 0x0000000711c00000|  0%| F|  |TAMS 0x0000000711b00000, 0x0000000711b00000| Untracked 
| 190|0x0000000711c00000, 0x0000000711c00000, 0x0000000711d00000|  0%| F|  |TAMS 0x0000000711c00000, 0x0000000711c00000| Untracked 
| 191|0x0000000711d00000, 0x0000000711d00000, 0x0000000711e00000|  0%| F|  |TAMS 0x0000000711d00000, 0x0000000711d00000| Untracked 
| 192|0x0000000711e00000, 0x0000000711e00000, 0x0000000711f00000|  0%| F|  |TAMS 0x0000000711e00000, 0x0000000711e00000| Untracked 
| 193|0x0000000711f00000, 0x0000000711f00000, 0x0000000712000000|  0%| F|  |TAMS 0x0000000711f00000, 0x0000000711f00000| Untracked 
| 194|0x0000000712000000, 0x0000000712000000, 0x0000000712100000|  0%| F|  |TAMS 0x0000000712000000, 0x0000000712000000| Untracked 
| 195|0x0000000712100000, 0x0000000712100000, 0x0000000712200000|  0%| F|  |TAMS 0x0000000712100000, 0x0000000712100000| Untracked 
| 196|0x0000000712200000, 0x0000000712200000, 0x0000000712300000|  0%| F|  |TAMS 0x0000000712200000, 0x0000000712200000| Untracked 
| 197|0x0000000712300000, 0x0000000712300000, 0x0000000712400000|  0%| F|  |TAMS 0x0000000712300000, 0x0000000712300000| Untracked 
| 198|0x0000000712400000, 0x0000000712400000, 0x0000000712500000|  0%| F|  |TAMS 0x0000000712400000, 0x0000000712400000| Untracked 
| 199|0x0000000712500000, 0x0000000712500000, 0x0000000712600000|  0%| F|  |TAMS 0x0000000712500000, 0x0000000712500000| Untracked 
| 200|0x0000000712600000, 0x0000000712600000, 0x0000000712700000|  0%| F|  |TAMS 0x0000000712600000, 0x0000000712600000| Untracked 
| 201|0x0000000712700000, 0x0000000712700000, 0x0000000712800000|  0%| F|  |TAMS 0x0000000712700000, 0x0000000712700000| Untracked 
| 202|0x0000000712800000, 0x0000000712800000, 0x0000000712900000|  0%| F|  |TAMS 0x0000000712800000, 0x0000000712800000| Untracked 
| 203|0x0000000712900000, 0x0000000712900000, 0x0000000712a00000|  0%| F|  |TAMS 0x0000000712900000, 0x0000000712900000| Untracked 
| 204|0x0000000712a00000, 0x0000000712a00000, 0x0000000712b00000|  0%| F|  |TAMS 0x0000000712a00000, 0x0000000712a00000| Untracked 
| 205|0x0000000712b00000, 0x0000000712b00000, 0x0000000712c00000|  0%| F|  |TAMS 0x0000000712b00000, 0x0000000712b00000| Untracked 
| 206|0x0000000712c00000, 0x0000000712c00000, 0x0000000712d00000|  0%| F|  |TAMS 0x0000000712c00000, 0x0000000712c00000| Untracked 
| 207|0x0000000712d00000, 0x0000000712d00000, 0x0000000712e00000|  0%| F|  |TAMS 0x0000000712d00000, 0x0000000712d00000| Untracked 
| 208|0x0000000712e00000, 0x0000000712e00000, 0x0000000712f00000|  0%| F|  |TAMS 0x0000000712e00000, 0x0000000712e00000| Untracked 
| 209|0x0000000712f00000, 0x0000000712f00000, 0x0000000713000000|  0%| F|  |TAMS 0x0000000712f00000, 0x0000000712f00000| Untracked 
| 210|0x0000000713000000, 0x0000000713000000, 0x0000000713100000|  0%| F|  |TAMS 0x0000000713000000, 0x0000000713000000| Untracked 
| 211|0x0000000713100000, 0x0000000713100000, 0x0000000713200000|  0%| F|  |TAMS 0x0000000713100000, 0x0000000713100000| Untracked 
| 212|0x0000000713200000, 0x0000000713200000, 0x0000000713300000|  0%| F|  |TAMS 0x0000000713200000, 0x0000000713200000| Untracked 
| 213|0x0000000713300000, 0x0000000713300000, 0x0000000713400000|  0%| F|  |TAMS 0x0000000713300000, 0x0000000713300000| Untracked 
| 214|0x0000000713400000, 0x0000000713400000, 0x0000000713500000|  0%| F|  |TAMS 0x0000000713400000, 0x0000000713400000| Untracked 
| 215|0x0000000713500000, 0x0000000713500000, 0x0000000713600000|  0%| F|  |TAMS 0x0000000713500000, 0x0000000713500000| Untracked 
| 216|0x0000000713600000, 0x0000000713600000, 0x0000000713700000|  0%| F|  |TAMS 0x0000000713600000, 0x0000000713600000| Untracked 
| 217|0x0000000713700000, 0x0000000713700000, 0x0000000713800000|  0%| F|  |TAMS 0x0000000713700000, 0x0000000713700000| Untracked 
| 218|0x0000000713800000, 0x0000000713800000, 0x0000000713900000|  0%| F|  |TAMS 0x0000000713800000, 0x0000000713800000| Untracked 
| 219|0x0000000713900000, 0x0000000713900000, 0x0000000713a00000|  0%| F|  |TAMS 0x0000000713900000, 0x0000000713900000| Untracked 
| 220|0x0000000713a00000, 0x0000000713a00000, 0x0000000713b00000|  0%| F|  |TAMS 0x0000000713a00000, 0x0000000713a00000| Untracked 
| 221|0x0000000713b00000, 0x0000000713b00000, 0x0000000713c00000|  0%| F|  |TAMS 0x0000000713b00000, 0x0000000713b00000| Untracked 
| 222|0x0000000713c00000, 0x0000000713c00000, 0x0000000713d00000|  0%| F|  |TAMS 0x0000000713c00000, 0x0000000713c00000| Untracked 
| 223|0x0000000713d00000, 0x0000000713d00000, 0x0000000713e00000|  0%| F|  |TAMS 0x0000000713d00000, 0x0000000713d00000| Untracked 
| 224|0x0000000713e00000, 0x0000000713e00000, 0x0000000713f00000|  0%| F|  |TAMS 0x0000000713e00000, 0x0000000713e00000| Untracked 
| 225|0x0000000713f00000, 0x0000000714000000, 0x0000000714000000|100%| S|CS|TAMS 0x0000000713f00000, 0x0000000713f00000| Complete 
| 226|0x0000000714000000, 0x0000000714100000, 0x0000000714100000|100%| S|CS|TAMS 0x0000000714000000, 0x0000000714000000| Complete 
| 227|0x0000000714100000, 0x0000000714200000, 0x0000000714200000|100%| S|CS|TAMS 0x0000000714100000, 0x0000000714100000| Complete 
| 228|0x0000000714200000, 0x0000000714200000, 0x0000000714300000|  0%| F|  |TAMS 0x0000000714200000, 0x0000000714200000| Untracked 
| 229|0x0000000714300000, 0x0000000714300000, 0x0000000714400000|  0%| F|  |TAMS 0x0000000714300000, 0x0000000714300000| Untracked 
| 230|0x0000000714400000, 0x0000000714400000, 0x0000000714500000|  0%| F|  |TAMS 0x0000000714400000, 0x0000000714400000| Untracked 
| 231|0x0000000714500000, 0x0000000714500000, 0x0000000714600000|  0%| F|  |TAMS 0x0000000714500000, 0x0000000714500000| Untracked 
| 232|0x0000000714600000, 0x0000000714600000, 0x0000000714700000|  0%| F|  |TAMS 0x0000000714600000, 0x0000000714600000| Untracked 
| 233|0x0000000714700000, 0x0000000714700000, 0x0000000714800000|  0%| F|  |TAMS 0x0000000714700000, 0x0000000714700000| Untracked 
| 234|0x0000000714800000, 0x0000000714800000, 0x0000000714900000|  0%| F|  |TAMS 0x0000000714800000, 0x0000000714800000| Untracked 
| 235|0x0000000714900000, 0x0000000714900000, 0x0000000714a00000|  0%| F|  |TAMS 0x0000000714900000, 0x0000000714900000| Untracked 
| 236|0x0000000714a00000, 0x0000000714a00000, 0x0000000714b00000|  0%| F|  |TAMS 0x0000000714a00000, 0x0000000714a00000| Untracked 
| 237|0x0000000714b00000, 0x0000000714b00000, 0x0000000714c00000|  0%| F|  |TAMS 0x0000000714b00000, 0x0000000714b00000| Untracked 
| 238|0x0000000714c00000, 0x0000000714c00000, 0x0000000714d00000|  0%| F|  |TAMS 0x0000000714c00000, 0x0000000714c00000| Untracked 
| 239|0x0000000714d00000, 0x0000000714d00000, 0x0000000714e00000|  0%| F|  |TAMS 0x0000000714d00000, 0x0000000714d00000| Untracked 
| 240|0x0000000714e00000, 0x0000000714e00000, 0x0000000714f00000|  0%| F|  |TAMS 0x0000000714e00000, 0x0000000714e00000| Untracked 
| 241|0x0000000714f00000, 0x0000000714f00000, 0x0000000715000000|  0%| F|  |TAMS 0x0000000714f00000, 0x0000000714f00000| Untracked 
| 242|0x0000000715000000, 0x0000000715000000, 0x0000000715100000|  0%| F|  |TAMS 0x0000000715000000, 0x0000000715000000| Untracked 
| 243|0x0000000715100000, 0x0000000715100000, 0x0000000715200000|  0%| F|  |TAMS 0x0000000715100000, 0x0000000715100000| Untracked 
| 244|0x0000000715200000, 0x0000000715280800, 0x0000000715300000| 50%| E|  |TAMS 0x0000000715200000, 0x0000000715200000| Complete 
| 245|0x0000000715300000, 0x0000000715400000, 0x0000000715400000|100%| E|CS|TAMS 0x0000000715300000, 0x0000000715300000| Complete 
| 246|0x0000000715400000, 0x0000000715500000, 0x0000000715500000|100%| E|CS|TAMS 0x0000000715400000, 0x0000000715400000| Complete 
| 247|0x0000000715500000, 0x0000000715600000, 0x0000000715600000|100%| E|CS|TAMS 0x0000000715500000, 0x0000000715500000| Complete 
| 248|0x0000000715600000, 0x0000000715700000, 0x0000000715700000|100%| E|CS|TAMS 0x0000000715600000, 0x0000000715600000| Complete 
| 249|0x0000000715700000, 0x0000000715800000, 0x0000000715800000|100%| E|CS|TAMS 0x0000000715700000, 0x0000000715700000| Complete 
| 250|0x0000000715800000, 0x0000000715900000, 0x0000000715900000|100%| E|CS|TAMS 0x0000000715800000, 0x0000000715800000| Complete 
| 251|0x0000000715900000, 0x0000000715a00000, 0x0000000715a00000|100%| E|CS|TAMS 0x0000000715900000, 0x0000000715900000| Complete 

Card table byte_map: [0x0000019b7cc80000,0x0000019b7d460000] _byte_map_base: 0x0000019b79451000

Marking Bits (Prev, Next): (CMBitMap*) 0x0000019b7b11f398, (CMBitMap*) 0x0000019b7b11f3d0
 Prev Bits: [0x0000019b176d0000, 0x0000019b1b558000)
 Next Bits: [0x0000019b1b560000, 0x0000019b1f3e8000)

Polling page: 0x0000019b78fd0000

Metaspace:

Usage:
  Non-class:      9.52 MB capacity,     9.37 MB ( 98%) used,   146.61 KB (  2%) free+waste,     9.19 KB ( <1%) overhead. 
      Class:    976.00 KB capacity,   952.89 KB ( 98%) used,    19.61 KB (  2%) free+waste,     3.50 KB ( <1%) overhead. 
       Both:     10.48 MB capacity,    10.30 MB ( 98%) used,   166.22 KB (  2%) free+waste,    12.69 KB ( <1%) overhead. 

Virtual space:
  Non-class space:       10.00 MB reserved,       9.75 MB ( 98%) committed 
      Class space:        1.00 GB reserved,       1.00 MB ( <1%) committed 
             Both:        1.01 GB reserved,      10.75 MB (  1%) committed 

Chunk freelists:
   Non-Class:  39.00 KB
       Class:  16.00 KB
        Both:  55.00 KB

MaxMetaspaceSize: 17179869184.00 GB
CompressedClassSpaceSize: 1.00 GB
Initial GC threshold: 20.80 MB
Current GC threshold: 20.80 MB
CDS: off

CodeHeap 'non-profiled nmethods': size=118912Kb used=894Kb max_used=894Kb free=118018Kb
 bounds [0x0000019b102b0000, 0x0000019b10520000, 0x0000019b176d0000]
CodeHeap 'profiled nmethods': size=118848Kb used=2058Kb max_used=2058Kb free=116789Kb
 bounds [0x0000019b08ea0000, 0x0000019b09110000, 0x0000019b102b0000]
CodeHeap 'non-nmethods': size=8000Kb used=2822Kb max_used=2828Kb free=5177Kb
 bounds [0x0000019b086d0000, 0x0000019b089e0000, 0x0000019b08ea0000]
 total_blobs=1356 nmethods=968 adapters=297
 compilation: enabled
              stopped_count=0, restarted_count=0
 full_count=0

Compilation events (20 events):
Event: 0.258 Thread 0x0000019b2196a800 nmethod 729 0x0000019b08feb410 code [0x0000019b08feb5c0, 0x0000019b08feb788]
Event: 0.258 Thread 0x0000019b2196a800  719       3       java.lang.ClassLoader::getClassLoadingLock (35 bytes)
Event: 0.258 Thread 0x0000019b2196a800 nmethod 719 0x0000019b08feb890 code [0x0000019b08feba60, 0x0000019b08febd48]
Event: 0.258 Thread 0x0000019b2196a800  720       3       java.lang.ClassLoader::findLoadedClass (16 bytes)
Event: 0.258 Thread 0x0000019b2196a800 nmethod 720 0x0000019b08febe90 code [0x0000019b08fec060, 0x0000019b08fec238]
Event: 0.258 Thread 0x0000019b2196a800  722       3       jdk.internal.loader.BuiltinClassLoader::findLoadedModule (33 bytes)
Event: 0.259 Thread 0x0000019b2196a800 nmethod 722 0x0000019b08fec310 code [0x0000019b08fec540, 0x0000019b08fecb58]
Event: 0.259 Thread 0x0000019b2196a800  725       3       sun.instrument.InstrumentationImpl::transform (73 bytes)
Event: 0.259 Thread 0x0000019b2196a800 nmethod 725 0x0000019b08fecd90 code [0x0000019b08fecf80, 0x0000019b08fed308]
Event: 0.259 Thread 0x0000019b2196a800  726       3       com.intellij.rt.debugger.agent.SharedFlowTransformer::transform (90 bytes)
Event: 0.260 Thread 0x0000019b2196a800 nmethod 726 0x0000019b08ffe290 code [0x0000019b08ffe4e0, 0x0000019b08ffeca8]
Event: 0.260 Thread 0x0000019b2196a800  731       1       java.lang.ClassLoader::getUnnamedModule (5 bytes)
Event: 0.260 Thread 0x0000019b216ea000 nmethod 710 0x0000019b08fed490 code [0x0000019b08fee720, 0x0000019b08ff9e68]
Event: 0.260 Thread 0x0000019b2196a800 nmethod 731 0x0000019b102ec010 code [0x0000019b102ec1c0, 0x0000019b102ec278]
Event: 0.260 Thread 0x0000019b216ea000  730       1       java.lang.NamedPackage::module (5 bytes)
Event: 0.260 Thread 0x0000019b216ea000 nmethod 730 0x0000019b102ec310 code [0x0000019b102ec4c0, 0x0000019b102ec578]
Event: 0.261 Thread 0x0000019b2196a800  733       3       jdk.internal.loader.URLClassPath::getResource (74 bytes)
Event: 0.261 Thread 0x0000019b2196a800 nmethod 733 0x0000019b08fff090 code [0x0000019b08fff260, 0x0000019b08fff598]
Event: 0.263 Thread 0x0000019b216ea000  734   !   3       com.intellij.rt.debugger.agent.ThrowableTransformer::transform (101 bytes)
Event: 0.264 Thread 0x0000019b216ea000 nmethod 734 0x0000019b08fff710 code [0x0000019b08fffaa0, 0x0000019b09001028]

GC Heap History (0 events):
No events

Deoptimization events (20 events):
Event: 0.228 Thread 0x0000019b7b0b6800 DEOPT PACKING pc=0x0000019b102cf138 sp=0x00000075563fc3c0
Event: 0.228 Thread 0x0000019b7b0b6800 DEOPT UNPACKING pc=0x0000019b0871a1af sp=0x00000075563fc338 mode 2
Event: 0.228 Thread 0x0000019b7b0b6800 Uncommon trap: trap_request=0xffffffde fr.pc=0x0000019b102cf0d8 relative=0x00000000000002f8
Event: 0.228 Thread 0x0000019b7b0b6800 Uncommon trap: reason=class_check action=maybe_recompile pc=0x0000019b102cf0d8 method=java.util.HashMap.getNode(ILjava/lang/Object;)Ljava/util/HashMap$Node; @ 59 c2
Event: 0.228 Thread 0x0000019b7b0b6800 DEOPT PACKING pc=0x0000019b102cf0d8 sp=0x00000075563fc3c0
Event: 0.228 Thread 0x0000019b7b0b6800 DEOPT UNPACKING pc=0x0000019b0871a1af sp=0x00000075563fc338 mode 2
Event: 0.228 Thread 0x0000019b7b0b6800 Uncommon trap: trap_request=0xffffffde fr.pc=0x0000019b102cf138 relative=0x0000000000000358
Event: 0.228 Thread 0x0000019b7b0b6800 Uncommon trap: reason=class_check action=maybe_recompile pc=0x0000019b102cf138 method=java.util.HashMap.getNode(ILjava/lang/Object;)Ljava/util/HashMap$Node; @ 126 c2
Event: 0.228 Thread 0x0000019b7b0b6800 DEOPT PACKING pc=0x0000019b102cf138 sp=0x00000075563fc350
Event: 0.228 Thread 0x0000019b7b0b6800 DEOPT UNPACKING pc=0x0000019b0871a1af sp=0x00000075563fc2c8 mode 2
Event: 0.228 Thread 0x0000019b7b0b6800 Uncommon trap: trap_request=0xffffffde fr.pc=0x0000019b102cf0d8 relative=0x00000000000002f8
Event: 0.228 Thread 0x0000019b7b0b6800 Uncommon trap: reason=class_check action=maybe_recompile pc=0x0000019b102cf0d8 method=java.util.HashMap.getNode(ILjava/lang/Object;)Ljava/util/HashMap$Node; @ 59 c2
Event: 0.228 Thread 0x0000019b7b0b6800 DEOPT PACKING pc=0x0000019b102cf0d8 sp=0x00000075563fc420
Event: 0.228 Thread 0x0000019b7b0b6800 DEOPT UNPACKING pc=0x0000019b0871a1af sp=0x00000075563fc398 mode 2
Event: 0.245 Thread 0x0000019b7b0b6800 DEOPT PACKING pc=0x0000019b08eb8ea4 sp=0x00000075563fc620
Event: 0.245 Thread 0x0000019b7b0b6800 DEOPT UNPACKING pc=0x0000019b0871a95e sp=0x00000075563fbab8 mode 0
Event: 0.251 Thread 0x0000019b7b0b6800 Uncommon trap: trap_request=0xffffff4d fr.pc=0x0000019b102e8a20 relative=0x00000000000002e0
Event: 0.251 Thread 0x0000019b7b0b6800 Uncommon trap: reason=unstable_if action=reinterpret pc=0x0000019b102e8a20 method=jdk.internal.loader.URLClassPath.getLoader(I)Ljdk/internal/loader/URLClassPath$Loader; @ 19 c2
Event: 0.251 Thread 0x0000019b7b0b6800 DEOPT PACKING pc=0x0000019b102e8a20 sp=0x00000075563fb130
Event: 0.251 Thread 0x0000019b7b0b6800 DEOPT UNPACKING pc=0x0000019b0871a1af sp=0x00000075563fb0c8 mode 2

Classes redefined (1 events):
Event: 0.145 Thread 0x0000019b21682000 redefined class name=java.lang.Throwable, count=1

Internal exceptions (3 events):
Event: 0.203 Thread 0x0000019b7b0b6800 Exception <a 'java/security/PrivilegedActionException'{0x0000000714e8af20}> (0x0000000714e8af20) thrown at [s\src\hotspot\share\prims\jvm.cpp, line 1306]
Event: 0.203 Thread 0x0000019b7b0b6800 Exception <a 'java/security/PrivilegedActionException'{0x0000000714e8b210}> (0x0000000714e8b210) thrown at [s\src\hotspot\share\prims\jvm.cpp, line 1306]
Event: 0.220 Thread 0x0000019b7b0b6800 Exception <a 'java/io/FileNotFoundException'{0x0000000714b5b3d0}> (0x0000000714b5b3d0) thrown at [s\src\hotspot\share\prims\jni.cpp, line 617]

Events (20 events):
Event: 0.265 loading class java/util/concurrent/locks/AbstractQueuedSynchronizer$ConditionObject
Event: 0.265 loading class java/util/concurrent/locks/Condition
Event: 0.265 loading class java/util/concurrent/locks/Condition done
Event: 0.265 loading class java/util/concurrent/locks/AbstractQueuedSynchronizer$ConditionObject done
Event: 0.265 loading class java/util/concurrent/LinkedBlockingQueue$Node
Event: 0.265 loading class java/util/concurrent/LinkedBlockingQueue$Node done
Event: 0.265 loading class org/slf4j/helpers/NOPLoggerFactory
Event: 0.265 loading class org/slf4j/helpers/NOPLoggerFactory done
Event: 0.266 loading class org/slf4j/helpers/Util
Event: 0.266 loading class org/slf4j/helpers/Util done
Event: 0.266 loading class jdk/internal/module/Resources
Event: 0.266 loading class jdk/internal/module/Resources done
Event: 0.266 loading class jdk/internal/loader/BuiltinClassLoader$2
Event: 0.266 loading class jdk/internal/loader/BuiltinClassLoader$2 done
Event: 0.266 loading class jdk/internal/loader/BuiltinClassLoader$5
Event: 0.266 loading class jdk/internal/loader/BuiltinClassLoader$5 done
Event: 0.266 loading class jdk/internal/module/SystemModuleFinders$SystemModuleReader
Event: 0.266 loading class java/lang/module/ModuleReader
Event: 0.266 loading class java/lang/module/ModuleReader done
Event: 0.266 loading class jdk/internal/module/SystemModuleFinders$SystemModuleReader done


Dynamic libraries:
0x00007ff7e7cc0000 - 0x00007ff7e7cce000 	C:\Users\bengi\.jdks\corretto-11.0.26\bin\java.exe
0x00007ff8f8710000 - 0x00007ff8f8927000 	C:\Windows\SYSTEM32\ntdll.dll
0x00007ff8f8220000 - 0x00007ff8f82e4000 	C:\Windows\System32\KERNEL32.DLL
0x00007ff8f5be0000 - 0x00007ff8f5f9a000 	C:\Windows\System32\KERNELBASE.dll
0x00007ff8f6140000 - 0x00007ff8f6251000 	C:\Windows\System32\ucrtbase.dll
0x00007ff8e90c0000 - 0x00007ff8e90d7000 	C:\Users\bengi\.jdks\corretto-11.0.26\bin\jli.dll
0x00007ff8f79e0000 - 0x00007ff8f7b8e000 	C:\Windows\System32\USER32.dll
0x00007ff8f5a90000 - 0x00007ff8f5ab6000 	C:\Windows\System32\win32u.dll
0x00007ff8d68b0000 - 0x00007ff8d68cb000 	C:\Users\bengi\.jdks\corretto-11.0.26\bin\VCRUNTIME140.dll
0x00007ff8ea4b0000 - 0x00007ff8ea742000 	C:\Windows\WinSxS\amd64_microsoft.windows.common-controls_6595b64144ccf1df_6.0.22621.4541_none_2710d1c57384c085\COMCTL32.dll
0x00007ff8f6850000 - 0x00007ff8f6879000 	C:\Windows\System32\GDI32.dll
0x00007ff8f7e00000 - 0x00007ff8f7ea7000 	C:\Windows\System32\msvcrt.dll
0x00007ff8f5ac0000 - 0x00007ff8f5bdb000 	C:\Windows\System32\gdi32full.dll
0x00007ff8f6260000 - 0x00007ff8f62fa000 	C:\Windows\System32\msvcp_win.dll
0x00007ff8f85e0000 - 0x00007ff8f8611000 	C:\Windows\System32\IMM32.DLL
0x00007ff8f1690000 - 0x00007ff8f169c000 	C:\Users\bengi\.jdks\corretto-11.0.26\bin\vcruntime140_1.dll
0x00007ff8cd2a0000 - 0x00007ff8cd32d000 	C:\Users\bengi\.jdks\corretto-11.0.26\bin\msvcp140.dll
0x00007ff8315c0000 - 0x00007ff832185000 	C:\Users\bengi\.jdks\corretto-11.0.26\bin\server\jvm.dll
0x00007ff8f7880000 - 0x00007ff8f7932000 	C:\Windows\System32\ADVAPI32.dll
0x00007ff8f8620000 - 0x00007ff8f86c7000 	C:\Windows\System32\sechost.dll
0x00007ff8f6110000 - 0x00007ff8f6138000 	C:\Windows\System32\bcrypt.dll
0x00007ff8f80f0000 - 0x00007ff8f8204000 	C:\Windows\System32\RPCRT4.dll
0x00007ff8f7940000 - 0x00007ff8f79b1000 	C:\Windows\System32\WS2_32.dll
0x00007ff8f85d0000 - 0x00007ff8f85d8000 	C:\Windows\System32\PSAPI.DLL
0x00007ff8ea750000 - 0x00007ff8ea75a000 	C:\Windows\SYSTEM32\VERSION.dll
0x00007ff8edb40000 - 0x00007ff8edb74000 	C:\Windows\SYSTEM32\WINMM.dll
0x00007ff8f4ae0000 - 0x00007ff8f4af8000 	C:\Windows\SYSTEM32\kernel.appcore.dll
0x00007ff8f0a50000 - 0x00007ff8f0a60000 	C:\Users\bengi\.jdks\corretto-11.0.26\bin\verify.dll
0x00007ff8f2b60000 - 0x00007ff8f2d92000 	C:\Windows\SYSTEM32\DBGHELP.DLL
0x00007ff8f64b0000 - 0x00007ff8f6841000 	C:\Windows\System32\combase.dll
0x00007ff8f7eb0000 - 0x00007ff8f7f87000 	C:\Windows\System32\OLEAUT32.dll
0x00007ff8e8c80000 - 0x00007ff8e8cb2000 	C:\Windows\SYSTEM32\dbgcore.DLL
0x00007ff8f6300000 - 0x00007ff8f637b000 	C:\Windows\System32\bcryptPrimitives.dll
0x00007ff8d3d90000 - 0x00007ff8d3db8000 	C:\Users\bengi\.jdks\corretto-11.0.26\bin\java.dll
0x00007ff8ddeb0000 - 0x00007ff8ddeba000 	C:\Users\bengi\.jdks\corretto-11.0.26\bin\jimage.dll
0x00007ff8ddec0000 - 0x00007ff8ddece000 	C:\Users\bengi\.jdks\corretto-11.0.26\bin\instrument.dll
0x00007ff8d5880000 - 0x00007ff8d5898000 	C:\Users\bengi\.jdks\corretto-11.0.26\bin\zip.dll
0x00007ff8f6dc0000 - 0x00007ff8f7639000 	C:\Windows\System32\SHELL32.dll
0x00007ff8f38e0000 - 0x00007ff8f41e9000 	C:\Windows\SYSTEM32\windows.storage.dll
0x00007ff8f37a0000 - 0x00007ff8f38df000 	C:\Windows\SYSTEM32\wintypes.dll
0x00007ff8f82f0000 - 0x00007ff8f83ea000 	C:\Windows\System32\SHCORE.dll
0x00007ff8f8090000 - 0x00007ff8f80ee000 	C:\Windows\System32\shlwapi.dll
0x00007ff8f5900000 - 0x00007ff8f592b000 	C:\Windows\SYSTEM32\profapi.dll
0x00007ff8ee0a0000 - 0x00007ff8ee0b9000 	C:\Users\bengi\.jdks\corretto-11.0.26\bin\net.dll
0x00007ff8f0cf0000 - 0x00007ff8f0e26000 	C:\Windows\SYSTEM32\WINHTTP.dll
0x00007ff8f4f80000 - 0x00007ff8f4fe9000 	C:\Windows\system32\mswsock.dll
0x00007ff8d3d70000 - 0x00007ff8d3d82000 	C:\Users\bengi\.jdks\corretto-11.0.26\bin\nio.dll
0x00007ff8a9830000 - 0x00007ff8a984a000 	C:\Program Files\JetBrains\IntelliJ IDEA Community Edition 2024.3.2\bin\breakgen64.dll

dbghelp: loaded successfully - version: 4.0.5 - missing functions: none
symbol engine: initialized successfully - sym options: 0x614 - pdb path: .;C:\Users\bengi\.jdks\corretto-11.0.26\bin;C:\Windows\SYSTEM32;C:\Windows\WinSxS\amd64_microsoft.windows.common-controls_6595b64144ccf1df_6.0.22621.4541_none_2710d1c57384c085;C:\Users\bengi\.jdks\corretto-11.0.26\bin\server;C:\Program Files\JetBrains\IntelliJ IDEA Community Edition 2024.3.2\bin

VM Arguments:
jvm_args: -ea -Dwebdriver.base.url -Didea.test.cyclic.buffer.size=1048576 -javaagent:C:\Program Files\JetBrains\IntelliJ IDEA Community Edition 2024.3.2\lib\idea_rt.jar=60250:C:\Program Files\JetBrains\IntelliJ IDEA Community Edition 2024.3.2\bin -javaagent:C:\Users\bengi\AppData\Local\JetBrains\IdeaIC2024.3\captureAgent\debugger-agent.jar -Dkotlinx.coroutines.debug.enable.creation.stack.trace=false -Ddebugger.agent.enable.coroutines=true -Dkotlinx.coroutines.debug.enable.flows.stack.trace=true -Dkotlinx.coroutines.debug.enable.mutable.state.flows.stack.trace=true -Dfile.encoding=UTF-8 
java_command: com.intellij.rt.junit.JUnitStarter -ideVersion5 -junit4 com.nttdata.runners.CucumberTestSuite
java_class_path (initial): C:\Program Files\JetBrains\IntelliJ IDEA Community Edition 2024.3.2\lib\idea_rt.jar;C:\Program Files\JetBrains\IntelliJ IDEA Community Edition 2024.3.2\plugins\junit\lib\junit5-rt.jar;C:\Program Files\JetBrains\IntelliJ IDEA Community Edition 2024.3.2\plugins\junit\lib\junit-rt.jar;D:\la cague\AutoMobile\target\test-classes;D:\la cague\AutoMobile\target\classes;C:\Users\bengi\.m2\repository\ch\qos\logback\logback-classic\1.2.3\logback-classic-1.2.3.jar;C:\Users\bengi\.m2\repository\ch\qos\logback\logback-core\1.2.3\logback-core-1.2.3.jar;C:\Users\bengi\.m2\repository\org\slf4j\slf4j-api\1.7.25\slf4j-api-1.7.25.jar;C:\Users\bengi\.m2\repository\net\serenity-bdd\serenity-core\4.0.19\serenity-core-4.0.19.jar;C:\Users\bengi\.m2\repository\net\serenity-bdd\serenity-model\4.0.19\serenity-model-4.0.19.jar;C:\Users\bengi\.m2\repository\org\apache\commons\commons-text\1.11.0\commons-text-1.11.0.jar;C:\Users\bengi\.m2\repository\commons-net\commons-net\3.10.0\commons-net-3.10.0.jar;C:\Users\bengi\.m2\repository\com\google\guava\guava\32.1.3-jre\guava-32.1.3-jre.jar;C:\Users\bengi\.m2\repository\com\google\guava\failureaccess\1.0.1\failureaccess-1.0.1.jar;C:\Users\bengi\.m2\repository\com\google\guava\listenablefuture\9999.0-empty-to-avoid-conflict-with-guava\listenablefuture-9999.0-empty-to-avoid-conflict-with-guava.jar;C:\Users\bengi\.m2\repository\com\google\code\findbugs\jsr305\3.0.2\jsr305-3.0.2.jar;C:\Users\bengi\.m2\repository\org\checkerframework\checker-qual\3.37.0\checker-qual-3.37.0.jar;C:\Users\bengi\.m2\repository\com\google\errorprone\error_prone_annotations\2.21.1\error_prone_annotations-2.21.1.jar;C:\Users\bengi\.m2\repository\com\google\j2objc\j2objc-annotations\2.8\j2objc-annotations-2.8.jar;C:\Users\bengi\.m2\repository\org\jsoup\jsoup\1.15.4\jsoup-1.15.4.jar;C:\Users\bengi\.m2\repository\com\thoughtworks\xstream\xstream\1.4.20\xstream-1.4.20.jar;C:\Users\bengi\.m2\repository\io\github\x-stream\mxparser\1.2.2\mxparser-1.2.2.jar;C
Launcher Type: SUN_STANDARD

[Global flags]
     intx CICompilerCount                          = 15                                        {product} {ergonomic}
     uint ConcGCThreads                            = 6                                         {product} {ergonomic}
     uint G1ConcRefinementThreads                  = 23                                        {product} {ergonomic}
   size_t G1HeapRegionSize                         = 1048576                                   {product} {ergonomic}
    uintx GCDrainStackTargetSize                   = 64                                        {product} {ergonomic}
   size_t InitialHeapSize                          = 264241152                                 {product} {ergonomic}
   size_t MarkStackSize                            = 4194304                                   {product} {ergonomic}
   size_t MaxHeapSize                              = 4196401152                                {product} {ergonomic}
   size_t MaxNewSize                               = 2517630976                                {product} {ergonomic}
   size_t MinHeapDeltaBytes                        = 1048576                                   {product} {ergonomic}
    uintx NonNMethodCodeHeapSize                   = 8182140                                {pd product} {ergonomic}
    uintx NonProfiledCodeHeapSize                  = 121738050                              {pd product} {ergonomic}
    uintx ProfiledCodeHeapSize                     = 121738050                              {pd product} {ergonomic}
    uintx ReservedCodeCacheSize                    = 251658240                              {pd product} {ergonomic}
     bool SegmentedCodeCache                       = true                                      {product} {ergonomic}
     bool UseCompressedClassPointers               = true                                 {lp64_product} {ergonomic}
     bool UseCompressedOops                        = true                                 {lp64_product} {ergonomic}
     bool UseG1GC                                  = true                                      {product} {ergonomic}
     bool UseLargePagesIndividualAllocation        = false                                  {pd product} {ergonomic}

Logging:
Log output configuration:
 #0: stdout all=warning uptime,level,tags
 #1: stderr all=off uptime,level,tags

Environment Variables:
JAVA_HOME=C:\Program Files\Java\jdk-17
PATH=C:\Program Files\Common Files\Oracle\Java\javapath;C:\Windows\system32;C:\Windows;C:\Windows\System32\Wbem;C:\Windows\System32\WindowsPowerShell\v1.0\;C:\Windows\System32\OpenSSH\;C:\Program Files (x86)\NVIDIA Corporation\PhysX\Common;C:\Program Files\NVIDIA Corporation\NVIDIA NvDLISR;C:\Program Files\dotnet\;C:\Program Files\Git\cmd;C:\Users\bengi\AppData\Roaming\nvm;C:\Program Files\nodejs;C:\Program Files\PostgreSQL\14\bin;C:\Program Files (x86)\Rational\common;C:\Users\bengi\AppData\Local\Android\Sdk\tools;C:\Users\bengi\AppData\Local\Android\Sdk\platform-tools;C:\Users\bengi\AppData\Local\Android\Sdk\platforms;C:\Users\bengi\AppData\Local\Android\Sdk\platform-tools\adb.exe;C:\Users\bengi\AppData\Local\Android\Sdk\cmdline-tools\bin;C:\Users\bengi\AppData\Local\Microsoft\WindowsApps;C:\Users\bengi\AppData\Local\Programs\Microsoft VS Code\bin;C:\Users\bengi\AppData\Roaming\npm;C:\Users\bengi\AppData\Roaming\nvm;C:\Program Files\nodejs;C:\apache-maven-3.9.9\bin;C:\Users\bengi\AppData\Local\Android\Sdk\platform-tools;C:\Users\bengi\AppData\Local\Android\Sdk\platforms;C:\Users\bengi\AppData\Local\Android\Sdk\tools;C:\Program Files\Java\jdk-17\bin;C:\Users\bengi\AppData\Local\Android\Sdk\cmdline-tools\bin;
USERNAME=bengi
OS=Windows_NT
PROCESSOR_IDENTIFIER=Intel64 Family 6 Model 183 Stepping 1, GenuineIntel
TMP=C:\Users\bengi\AppData\Local\Temp
TEMP=C:\Users\bengi\AppData\Local\Temp



---------------  S Y S T E M  ---------------

OS: Windows 11 , 64 bit Build 22621 (10.0.22621.4391)
OS uptime: 3 days 19:58 hours
Hyper-V role detected

CPU:total 32 (initial active 32) (16 cores per cpu, 2 threads per core) family 6 model 183 stepping 1 microcode 0x12b, cmov, cx8, fxsr, mmx, sse, sse2, sse3, ssse3, sse4.1, sse4.2, popcnt, avx, avx2, aes, clmul, erms, 3dnowpref, lzcnt, ht, tsc, tscinvbit, bmi1, bmi2, adx, sha, fma

Memory: 4k page, system-wide physical 16002M (528M free)
TotalPageFile size 65154M (AvailPageFile size 0M)
current process WorkingSet (physical memory assigned to process): 105M, peak: 105M
current process commit charge ("private bytes"): 402M, peak: 403M

vm_info: OpenJDK 64-Bit Server VM (11.0.26+4-LTS) for windows-amd64 JRE (11.0.26+4-LTS), built on Jan 13 2025 17:23:34 by "Administrator" with MS VC++ 16.10 / 16.11 (VS2019)

END.
